<?xml version="1.0" encoding="UTF-8"?>
<testsuite xmlns:xsi="http://www.w3.org/2001/XMLSchema-instance" xsi:noNamespaceSchemaLocation="https://maven.apache.org/surefire/maven-surefire-plugin/xsd/surefire-test-report.xsd" name="ru.netology.domain.RadioTest" time="0.091" tests="7" errors="0" skipped="0" failures="0">
  <properties>
[...]
</properties>
  <testcase name="testPlusOK10" classname="ru.netology.domain.RadioTest" time="0.039"/>
  <testcase name="testSetNumberRadioFAIL" classname="ru.netology.domain.RadioTest" time="0"/>
  <testcase name="testPrevOK0" classname="ru.netology.domain.RadioTest" time="0"/>
  <testcase name="testMinusOK0" classname="ru.netology.domain.RadioTest" time="0.007"/>
  <testcase name="testSetLevelSoundRadioFAIL" classname="ru.netology.domain.RadioTest" time="0"/>
  <testcase name="testRadioFAIL" classname="ru.netology.domain.RadioTest" time="0.001"/>
  <testcase name="testNextOK9" classname="ru.netology.domain.RadioTest" time="0"/>
</testsuite>